C:\USERS\DELMON\DROPBOX\C\INF3380\OBLIG 2\OBLIG 2\DEBUG\VC110.PDB
C:\USERS\DELMON\DROPBOX\C\INF3380\OBLIG 2\OBLIG 2\DEBUG\OBLIG2.OBJ
C:\USERS\DELMON\DROPBOX\C\INF3380\OBLIG 2\OBLIG 2\DEBUG\SOURCE.OBJ
C:\USERS\DELMON\DROPBOX\C\INF3380\OBLIG 2\DEBUG\OBLIG 2.ILK
C:\USERS\DELMON\DROPBOX\C\INF3380\OBLIG 2\DEBUG\OBLIG 2.EXE
C:\USERS\DELMON\DROPBOX\C\INF3380\OBLIG 2\DEBUG\OBLIG 2.PDB
C:\Users\Delmon\Dropbox\C\INF3380\Oblig 2\Oblig 2\Debug\oblig2.obj
C:\Users\Delmon\Dropbox\C\INF3380\Oblig 2\Oblig 2\Debug\Source.obj
C:\Users\Delmon\Dropbox\C\INF3380\Oblig 2\Oblig 2\Debug\cl.command.1.tlog
C:\Users\Delmon\Dropbox\C\INF3380\Oblig 2\Oblig 2\Debug\CL.read.1.tlog
C:\Users\Delmon\Dropbox\C\INF3380\Oblig 2\Oblig 2\Debug\CL.write.1.tlog
C:\Users\Delmon\Dropbox\C\INF3380\Oblig 2\Oblig 2\Debug\link-cvtres.read.1.tlog
C:\Users\Delmon\Dropbox\C\INF3380\Oblig 2\Oblig 2\Debug\link-cvtres.write.1.tlog
C:\Users\Delmon\Dropbox\C\INF3380\Oblig 2\Oblig 2\Debug\link-rc.read.1.tlog
C:\Users\Delmon\Dropbox\C\INF3380\Oblig 2\Oblig 2\Debug\link-rc.write.1.tlog
C:\Users\Delmon\Dropbox\C\INF3380\Oblig 2\Oblig 2\Debug\link.7560-cvtres.read.1.tlog
C:\Users\Delmon\Dropbox\C\INF3380\Oblig 2\Oblig 2\Debug\link.7560-cvtres.write.1.tlog
C:\Users\Delmon\Dropbox\C\INF3380\Oblig 2\Oblig 2\Debug\link.7560-rc.read.1.tlog
C:\Users\Delmon\Dropbox\C\INF3380\Oblig 2\Oblig 2\Debug\link.7560-rc.write.1.tlog
C:\Users\Delmon\Dropbox\C\INF3380\Oblig 2\Oblig 2\Debug\link.7560.read.1.tlog
C:\Users\Delmon\Dropbox\C\INF3380\Oblig 2\Oblig 2\Debug\link.7560.write.1.tlog
C:\Users\Delmon\Dropbox\C\INF3380\Oblig 2\Oblig 2\Debug\link.command.1.tlog
C:\Users\Delmon\Dropbox\C\INF3380\Oblig 2\Oblig 2\Debug\link.read.1.tlog
C:\Users\Delmon\Dropbox\C\INF3380\Oblig 2\Oblig 2\Debug\link.write.1.tlog
C:\Users\Delmon\Dropbox\C\INF3380\Oblig 2\Oblig 2\Debug\vc110.idb
C:\Users\Delmon\Dropbox\C\INF3380\Oblig 2\Oblig 2\Debug\vc110.pdb
C:\Users\Delmon\Dropbox\C\INF3380\Oblig 2\Debug\Oblig 2.pdb
C:\Users\Delmon\Dropbox\C\INF3380\Oblig 2\Debug\Oblig 2.exe
C:\Users\Delmon\Dropbox\C\INF3380\Oblig 2\Debug\Oblig 2.ilk
