C:\USERS\DELMON\DROPBOX\C\INF3380\EXERCISESET6_EX1\EXERCISESET6_EX1\DEBUG\SOURCE.OBJ
C:\USERS\DELMON\DROPBOX\C\INF3380\EXERCISESET6_EX1\EXERCISESET6_EX1\DEBUG\VC110.PDB
C:\USERS\DELMON\DROPBOX\C\INF3380\EXERCISESET6_EX1\DEBUG\EXERCISESET6_EX1.ILK
C:\USERS\DELMON\DROPBOX\C\INF3380\EXERCISESET6_EX1\DEBUG\EXERCISESET6_EX1.EXE
C:\USERS\DELMON\DROPBOX\C\INF3380\EXERCISESET6_EX1\DEBUG\EXERCISESET6_EX1.PDB
C:\Users\Delmon\Dropbox\C\INF3380\ExerciseSet6_ex1\ExerciseSet6_ex1\Debug\Source.obj
C:\Users\Delmon\Dropbox\C\INF3380\ExerciseSet6_ex1\ExerciseSet6_ex1\Debug\cl.command.1.tlog
C:\Users\Delmon\Dropbox\C\INF3380\ExerciseSet6_ex1\ExerciseSet6_ex1\Debug\CL.read.1.tlog
C:\Users\Delmon\Dropbox\C\INF3380\ExerciseSet6_ex1\ExerciseSet6_ex1\Debug\CL.write.1.tlog
C:\Users\Delmon\Dropbox\C\INF3380\ExerciseSet6_ex1\ExerciseSet6_ex1\Debug\link-cvtres.read.1.tlog
C:\Users\Delmon\Dropbox\C\INF3380\ExerciseSet6_ex1\ExerciseSet6_ex1\Debug\link-cvtres.write.1.tlog
C:\Users\Delmon\Dropbox\C\INF3380\ExerciseSet6_ex1\ExerciseSet6_ex1\Debug\link-rc.read.1.tlog
C:\Users\Delmon\Dropbox\C\INF3380\ExerciseSet6_ex1\ExerciseSet6_ex1\Debug\link-rc.write.1.tlog
C:\Users\Delmon\Dropbox\C\INF3380\ExerciseSet6_ex1\ExerciseSet6_ex1\Debug\link.command.1.tlog
C:\Users\Delmon\Dropbox\C\INF3380\ExerciseSet6_ex1\ExerciseSet6_ex1\Debug\link.read.1.tlog
C:\Users\Delmon\Dropbox\C\INF3380\ExerciseSet6_ex1\ExerciseSet6_ex1\Debug\link.write.1.tlog
C:\Users\Delmon\Dropbox\C\INF3380\ExerciseSet6_ex1\ExerciseSet6_ex1\Debug\vc110.idb
C:\Users\Delmon\Dropbox\C\INF3380\ExerciseSet6_ex1\ExerciseSet6_ex1\Debug\vc110.pdb
C:\Users\Delmon\Dropbox\C\INF3380\ExerciseSet6_ex1\Debug\ExerciseSet6_ex1.pdb
C:\Users\Delmon\Dropbox\C\INF3380\ExerciseSet6_ex1\Debug\ExerciseSet6_ex1.exe
C:\Users\Delmon\Dropbox\C\INF3380\ExerciseSet6_ex1\Debug\ExerciseSet6_ex1.ilk
